Removed Pin From Net: NetName=P10 Pin=JP?-1
Removed Pin From Net: NetName=P11 Pin=JP?-2
Removed Pin From Net: NetName=P12 Pin=JP?-3
Removed Pin From Net: NetName=P13 Pin=JP?-4
Removed Pin From Net: NetName=P14 Pin=JP?-5
Removed Pin From Net: NetName=P15 Pin=JP?-6
Removed Pin From Net: NetName=P16 Pin=JP?-7
Removed Pin From Net: NetName=P17 Pin=JP?-8
Removed Pin From Net: NetName=NetSpeaker_1 Pin=SYN6288-1
Removed Pin From Net: NetName=NetSpeaker_2 Pin=SYN6288-2
Removed Member From Class: ClassName=智能风扇原理图 Member=JP?
Added Component: Designator=P1(HDRS2.54-1X8)
Added Pin To Net: NetName=P17 Pin=P1-1
Added Pin To Net: NetName=P16 Pin=P1-2
Added Pin To Net: NetName=P15 Pin=P1-3
Added Pin To Net: NetName=P14 Pin=P1-4
Added Pin To Net: NetName=P13 Pin=P1-5
Added Pin To Net: NetName=P12 Pin=P1-6
Added Pin To Net: NetName=P11 Pin=P1-7
Added Pin To Net: NetName=P10 Pin=P1-8
Added Pin To Net: NetName=3.3V Pin=SYN6288-1
Added Pin To Net: NetName=NetSpeaker_1 Pin=SYN6288-1
Added Pin To Net: NetName=NetSpeaker_2 Pin=SYN6288-2
Added Pin To Net: NetName=SYNRXD Pin=SYN6288-2
Added Member To Class: ClassName=智能风扇原理图 Member=Component P1 Pin 8
