Removed Pin From Net: NetName=P17 Pin=P1-1
Removed Pin From Net: NetName=P16 Pin=P1-2
Removed Pin From Net: NetName=P15 Pin=P1-3
Removed Pin From Net: NetName=P14 Pin=P1-4
Removed Pin From Net: NetName=P13 Pin=P1-5
Removed Pin From Net: NetName=P12 Pin=P1-6
Removed Pin From Net: NetName=P11 Pin=P1-7
Removed Pin From Net: NetName=P10 Pin=P1-8
Removed Pin From Net: NetName=NetSpeaker_1 Pin=SYN6288-1
Change Component DesignItemId : Designator=P4 Old DesignItemId=Pin 5 New DesignItemId=Header 5
Change Component DesignItemId : Designator=P3 Old DesignItemId=Pin 7 New DesignItemId=Header 7
Change Component DesignItemId : Designator=P1 Old DesignItemId=Pin 8 New DesignItemId=Header 8
Change Component DesignItemId : Designator=P2 Old DesignItemId=Pin 8 New DesignItemId=Header 8
Change Component Footprint: Designator=P4 Old Footprint=HDRS2.54-1X5 New Footprint=XH2.54-WI-5P
Change Component Footprint: Designator=P3 Old Footprint=HDRS2.54-1X7 New Footprint=XH2.54-WI-7P
Change Component Footprint: Designator=P1 Old Footprint=HDRS2.54-1X8 New Footprint=XH2.54-WI-8P
Change Component Footprint: Designator=P2 Old Footprint=HDRS2.54-1X8 New Footprint=XH2.54-WI-8P
Change Component Comment : Designator=P4 Old Comment=Pin 5 New Comment=HDR-1X5
Change Component Comment : Designator=P3 Old Comment=Pin 7 New Comment=HDR-1X7
Change Component Comment : Designator=P1 Old Comment=Pin 8 New Comment=HDR-1X8
Change Component Comment : Designator=P2 Old Comment=Pin 8 New Comment=HDR-1X8
Added Pin To Net: NetName=P10 Pin=P1-1
Added Pin To Net: NetName=P11 Pin=P1-2
Added Pin To Net: NetName=P12 Pin=P1-3
Added Pin To Net: NetName=P13 Pin=P1-4
Added Pin To Net: NetName=P14 Pin=P1-5
Added Pin To Net: NetName=P15 Pin=P1-6
Added Pin To Net: NetName=P16 Pin=P1-7
Added Pin To Net: NetName=P17 Pin=P1-8
Added Pin To Net: NetName=3.3V Pin=SYN6288-1
Added Pin To Net: NetName=NetSpeaker_1 Pin=SYN6288-1
Added Pin To Net: NetName=NetSpeaker_2 Pin=SYN6288-2
Added Room: Name=智能风扇原理图
