Removed Pin From Net: NetName=P17 Pin=P1-1
Removed Pin From Net: NetName=P16 Pin=P1-2
Removed Pin From Net: NetName=P15 Pin=P1-3
Removed Pin From Net: NetName=P14 Pin=P1-4
Removed Pin From Net: NetName=P13 Pin=P1-5
Removed Pin From Net: NetName=P12 Pin=P1-6
Removed Pin From Net: NetName=P11 Pin=P1-7
Removed Pin From Net: NetName=P10 Pin=P1-8
Removed Pin From Net: NetName=NetSpeaker_1 Pin=SYN6288-1
Removed Pin From Net: NetName=NetSpeaker_2 Pin=SYN6288-2
Added Pin To Net: NetName=P10 Pin=P1-1
Added Pin To Net: NetName=P11 Pin=P1-2
Added Pin To Net: NetName=P12 Pin=P1-3
Added Pin To Net: NetName=P13 Pin=P1-4
Added Pin To Net: NetName=P14 Pin=P1-5
Added Pin To Net: NetName=P15 Pin=P1-6
Added Pin To Net: NetName=P16 Pin=P1-7
Added Pin To Net: NetName=P17 Pin=P1-8
Added Pin To Net: NetName=3.3V Pin=SYN6288-1
Added Pin To Net: NetName=NetSpeaker_1 Pin=SYN6288-1
Added Pin To Net: NetName=NetSpeaker_2 Pin=SYN6288-2
Added Pin To Net: NetName=SYNRXD Pin=SYN6288-2
Change Net Name : Old Net Name=LINL New Net Name=SPON
Change Net Name : Old Net Name=MICNIN New Net Name=SPOP
Change Net Name : Old Net Name=MICP New Net Name=MONO
Change Net Name : Old Net Name=MONO New Net Name=MICP
Change Net Name : Old Net Name=SPON New Net Name=LINL
Change Net Name : Old Net Name=SPOP New Net Name=MICNIN
Added Room: Name=智能风扇原理图
