Added Component: Designator=B2(BAT-CR1220)
Added Component: Designator=CON1(DC-002)
Added Component: Designator=IC1(DIP8-300)
Added Component: Designator=JP1(HDR2.54-LI-2x2P)
Added Component: Designator=M1(DG1282)
Added Component: Designator=P1(HDRS2.54-1X8)
Added Component: Designator=P2(HDRS2.54-1X8)
Added Component: Designator=P3(HDRS2.54-1X7)
Added Component: Designator=P4(HDRS2.54-1X5)
Added Component: Designator=P5(HDR2X2_A)
Added Component: Designator=P6(HDR2X2_A)
Added Component: Designator=P7(HDRS2.54-1X3)
Added Component: Designator=R1(RS 1/4W)
Added Component: Designator=R4(RS 1/4W)
Added Component: Designator=R5(RS 1/4W)
Added Component: Designator=R6(RS 1/4W)
Added Component: Designator=RP1(RM065)
Added Component: Designator=S1(MTS-10x)
Added Component: Designator=Speaker(XH2.54-LI-2P)
Added Component: Designator=SYN6288(HDR2.54-M-LI-2P)
Added Component: Designator=SYN6288(HDR2.54-M-LI-5P)
Added Component: Designator=U1(LCD12864)
Added Component: Designator=X1(OSC-2x6-WI-A)
Added Pin To Net: NetName=3.3V Pin=P4-1
Added Pin To Net: NetName=3.3V Pin=SYN6288-1
Added Net: Name=3.3V
Added Pin To Net: NetName=12V Pin=CON1-2
Added Net: Name=12V
Added Pin To Net: NetName=GND Pin=B2-2
Added Pin To Net: NetName=GND Pin=IC1-4
Added Pin To Net: NetName=GND Pin=M1-1
Added Pin To Net: NetName=GND Pin=P4-5
Added Pin To Net: NetName=GND Pin=P5-2
Added Pin To Net: NetName=GND Pin=P5-3
Added Pin To Net: NetName=GND Pin=P7-3
Added Pin To Net: NetName=GND Pin=SYN6288-4
Added Pin To Net: NetName=GND Pin=U1-1
Added Pin To Net: NetName=GND Pin=U1-20
Added Net: Name=GND
Added Pin To Net: NetName=LINL Pin=P3-3
Added Net: Name=LINL
Added Pin To Net: NetName=LINR Pin=P3-4
Added Net: Name=LINR
Added Pin To Net: NetName=MICNIN Pin=P3-2
Added Net: Name=MICNIN
Added Pin To Net: NetName=MICP Pin=P3-1
Added Net: Name=MICP
Added Pin To Net: NetName=MONO Pin=P3-7
Added Net: Name=MONO
Added Pin To Net: NetName=NetB2_1 Pin=B2-1
Added Pin To Net: NetName=NetB2_1 Pin=IC1-8
Added Net: Name=NetB2_1
Added Pin To Net: NetName=NetCON1_1 Pin=CON1-1
Added Pin To Net: NetName=NetCON1_1 Pin=S1-1
Added Net: Name=NetCON1_1
Added Pin To Net: NetName=NetIC1_2 Pin=IC1-2
Added Pin To Net: NetName=NetIC1_2 Pin=X1-2
Added Net: Name=NetIC1_2
Added Pin To Net: NetName=NetIC1_3 Pin=IC1-3
Added Pin To Net: NetName=NetIC1_3 Pin=X1-1
Added Net: Name=NetIC1_3
Added Pin To Net: NetName=NetM1_2 Pin=M1-2
Added Pin To Net: NetName=NetM1_2 Pin=P6-4
Added Net: Name=NetM1_2
Added Pin To Net: NetName=NetP5_4 Pin=P5-4
Added Pin To Net: NetName=NetP5_4 Pin=S1-2
Added Net: Name=NetP5_4
Added Pin To Net: NetName=NetRP1_2 Pin=RP1-2
Added Pin To Net: NetName=NetRP1_2 Pin=U1-3
Added Net: Name=NetRP1_2
Added Pin To Net: NetName=NetRP1_3 Pin=RP1-3
Added Pin To Net: NetName=NetRP1_3 Pin=U1-18
Added Net: Name=NetRP1_3
Added Pin To Net: NetName=NetSpeaker_1 Pin=Speaker-1
Added Pin To Net: NetName=NetSpeaker_1 Pin=SYN6288-1
Added Net: Name=NetSpeaker_1
Added Pin To Net: NetName=NetSpeaker_2 Pin=Speaker-2
Added Pin To Net: NetName=NetSpeaker_2 Pin=SYN6288-2
Added Net: Name=NetSpeaker_2
Added Pin To Net: NetName=P10 Pin=P1-8
Added Pin To Net: NetName=P10 Pin=U1-7
Added Net: Name=P10
Added Pin To Net: NetName=P11 Pin=P1-7
Added Pin To Net: NetName=P11 Pin=U1-8
Added Net: Name=P11
Added Pin To Net: NetName=P12 Pin=P1-6
Added Pin To Net: NetName=P12 Pin=U1-9
Added Net: Name=P12
Added Pin To Net: NetName=P13 Pin=P1-5
Added Pin To Net: NetName=P13 Pin=U1-10
Added Net: Name=P13
Added Pin To Net: NetName=P14 Pin=P1-4
Added Pin To Net: NetName=P14 Pin=U1-11
Added Net: Name=P14
Added Pin To Net: NetName=P15 Pin=P1-3
Added Pin To Net: NetName=P15 Pin=U1-12
Added Net: Name=P15
Added Pin To Net: NetName=P16 Pin=P1-2
Added Pin To Net: NetName=P16 Pin=U1-13
Added Net: Name=P16
Added Pin To Net: NetName=P17 Pin=P1-1
Added Pin To Net: NetName=P17 Pin=U1-14
Added Net: Name=P17
Added Pin To Net: NetName=P23 Pin=IC1-6
Added Pin To Net: NetName=P23 Pin=P2-3
Added Pin To Net: NetName=P23 Pin=R5-2
Added Net: Name=P23
Added Pin To Net: NetName=P24 Pin=IC1-7
Added Pin To Net: NetName=P24 Pin=P2-4
Added Pin To Net: NetName=P24 Pin=R4-2
Added Net: Name=P24
Added Pin To Net: NetName=P25 Pin=P2-5
Added Pin To Net: NetName=P25 Pin=U1-6
Added Net: Name=P25
Added Pin To Net: NetName=P26 Pin=P2-6
Added Pin To Net: NetName=P26 Pin=U1-5
Added Net: Name=P26
Added Pin To Net: NetName=P27 Pin=P2-7
Added Pin To Net: NetName=P27 Pin=U1-4
Added Net: Name=P27
Added Pin To Net: NetName=P33 Pin=IC1-5
Added Pin To Net: NetName=P33 Pin=P2-2
Added Pin To Net: NetName=P33 Pin=R6-2
Added Net: Name=P33
Added Pin To Net: NetName=P34 Pin=P2-1
Added Pin To Net: NetName=P34 Pin=P6-1
Added Net: Name=P34
Added Pin To Net: NetName=P41 Pin=P2-8
Added Pin To Net: NetName=P41 Pin=P7-2
Added Pin To Net: NetName=P41 Pin=R1-1
Added Net: Name=P41
Added Pin To Net: NetName=RXD Pin=JP1-1
Added Pin To Net: NetName=RXD Pin=P4-4
Added Net: Name=RXD
Added Pin To Net: NetName=SPON Pin=P3-5
Added Net: Name=SPON
Added Pin To Net: NetName=SPOP Pin=P3-6
Added Net: Name=SPOP
Added Pin To Net: NetName=SYNRXD Pin=JP1-4
Added Pin To Net: NetName=SYNRXD Pin=SYN6288-2
Added Net: Name=SYNRXD
Added Pin To Net: NetName=TXD Pin=JP1-3
Added Pin To Net: NetName=TXD Pin=P4-3
Added Net: Name=TXD
Added Pin To Net: NetName=VCC Pin=IC1-1
Added Pin To Net: NetName=VCC Pin=P4-2
Added Pin To Net: NetName=VCC Pin=P5-1
Added Pin To Net: NetName=VCC Pin=P7-1
Added Pin To Net: NetName=VCC Pin=R1-2
Added Pin To Net: NetName=VCC Pin=R4-1
Added Pin To Net: NetName=VCC Pin=R5-1
Added Pin To Net: NetName=VCC Pin=R6-1
Added Pin To Net: NetName=VCC Pin=RP1-1
Added Pin To Net: NetName=VCC Pin=U1-2
Added Pin To Net: NetName=VCC Pin=U1-15
Added Pin To Net: NetName=VCC Pin=U1-17
Added Pin To Net: NetName=VCC Pin=U1-19
Added Net: Name=VCC
Added Class: Name=智能风扇原理图
Added Room: Name=智能风扇原理图
