Removed Pin From Net: NetName=P34 Pin=P6-1
Removed Pin From Net: NetName=NetSpeaker_1 Pin=SYN6288-1
Removed Pin From Net: NetName=NetSpeaker_2 Pin=SYN6288-2
Removed Pin From Net: NetName=GND Pin=USB-4
Removed Pin From Net: NetName=GND Pin=USB-4
Removed Pin From Net: NetName=GND Pin=USB-4
Removed Member From Class: ClassName=智能风扇原理图 Member=P6
Added Component: Designator=JP2(HDR2.54-LI-2P)
Added Component: Designator=JP3(XH2.54-WI-2P)
Added Pin To Net: NetName=P34 Pin=JP2-1
Added Pin To Net: NetName=P34 Pin=JP2-2
Added Pin To Net: NetName=NetSpeaker_1 Pin=SYN6288-1
Added Pin To Net: NetName=GND Pin=SYN6288-2
Added Pin To Net: NetName=NetSpeaker_2 Pin=SYN6288-2
Added Pin To Net: NetName=NetJP3_1 Pin=JP3-1
Added Pin To Net: NetName=NetJP3_1 Pin=USB-4
Added Pin To Net: NetName=NetJP3_1 Pin=USB-4
Added Pin To Net: NetName=NetJP3_1 Pin=USB-4
Added Net: Name=NetJP3_1
Added Pin To Net: NetName=NetJP3_2 Pin=JP3-2
Added Pin To Net: NetName=NetJP3_2 Pin=USB-1
Added Net: Name=NetJP3_2
Added Member To Class: ClassName=智能风扇原理图 Member=Component JP2 HDR-1X2
Added Member To Class: ClassName=智能风扇原理图 Member=Component JP3 HDR-1X2
Added Room: Name=智能风扇原理图
