Removed Pin From Net: NetName=NetSpeaker_1 Pin=SYN6288-1
Removed Pin From Net: NetName=NetSpeaker_2 Pin=SYN6288-2
Removed Member From Class: ClassName=智能风扇原理图 Member=JP3
Change Component DesignItemId : Designator=P7 Old DesignItemId= New DesignItemId=Pin 3
Change Component DesignItemId : Designator=P4 Old DesignItemId= New DesignItemId=Pin 5
Change Component DesignItemId : Designator=P3 Old DesignItemId= New DesignItemId=Pin 7
Change Component DesignItemId : Designator=P1 Old DesignItemId= New DesignItemId=Pin 8
Change Component DesignItemId : Designator=P2 Old DesignItemId= New DesignItemId=Pin 8
Change Component DesignItemId : Designator=B2 Old DesignItemId=B New DesignItemId=Battery
Change Component Designator: OldDesignator=JP2 NewDesignator=JP?
Change Component Description : Designator=JP1 Old Description= New Description=2*2P接插件
Change Component Description : Designator=JP? Old Description= New Description=2P接插件
Change Component Description : Designator=Speaker Old Description= New Description=2P接插件
Change Component Description : Designator=SYN6288 Old Description= New Description=2P接插件
Change Component Description : Designator=X1 Old Description= New Description=2脚无源脚晶振
Change Component Description : Designator=SYN6288 Old Description= New Description=5P接插件
Change Component Description : Designator=U1 Old Description= New Description=LCD12864
Change Component Description : Designator=USB Old Description= New Description=USB-A型母接口
Change Component Description : Designator=CON1 Old Description= New Description=低压电源接口
Change Component Description : Designator=IC1 Old Description= New Description=实时时钟芯片
Change Component Description : Designator=RP1 Old Description= New Description=插件单联电位器
Change Component Description : Designator=B2 Old Description= New Description=电池
Change Component Description : Designator=R1 Old Description= New Description=直插色环电阻
Change Component Description : Designator=R4 Old Description= New Description=直插色环电阻
Change Component Description : Designator=R5 Old Description= New Description=直插色环电阻
Change Component Description : Designator=R6 Old Description= New Description=直插色环电阻
Change Component Description : Designator=S1 Old Description=MT New Description=MTS10x系列3脚扭子开关
Change Component Library : Designator=P7 Old Library=Component. New Library=Component.SchLib
Added Component: Designator=P6(HDR2X2_A)
Added Component: Designator=PD(HDR2.54-1X4)
Added Pin To Net: NetName=GND Pin=PD-1
Added Pin To Net: NetName=RXD Pin=PD-2
Added Pin To Net: NetName=TXD Pin=PD-3
Added Pin To Net: NetName=3.3V Pin=PD-4
Added Pin To Net: NetName=NetSpeaker_1 Pin=SYN6288-1
Added Pin To Net: NetName=GND Pin=SYN6288-2
Added Pin To Net: NetName=NetSpeaker_2 Pin=SYN6288-2
Added Pin To Net: NetName=NetP6_3 Pin=P6-3
Added Pin To Net: NetName=NetP6_3 Pin=USB-4
Added Pin To Net: NetName=NetP6_3 Pin=USB-4
Added Pin To Net: NetName=NetP6_3 Pin=USB-4
Added Net: Name=NetP6_3
Added Pin To Net: NetName=NetP6_4 Pin=P6-4
Added Pin To Net: NetName=NetP6_4 Pin=USB-1
Added Net: Name=NetP6_4
Added Member To Class: ClassName=智能风扇原理图 Member=Component P6 Header 2X2A
Added Member To Class: ClassName=智能风扇原理图 Member=Component PD Pin 4
Added Room: Name=智能风扇原理图
